<?xml version="1.0" encoding="UTF-8"?>
<testsuite name="ru.netology.service.CashbackHackServiceTest" tests="6" skipped="0" failures="0" errors="0" timestamp="2022-11-05T14:40:09" hostname="DESKTOP-MMOKUTS" time="0.005">
  <properties/>
  <testcase name="remain1Test" classname="ru.netology.service.CashbackHackServiceTest" time="0.003"/>
  <testcase name="remain999Test" classname="ru.netology.service.CashbackHackServiceTest" time="0.001"/>
  <testcase name="remain500Test" classname="ru.netology.service.CashbackHackServiceTest" time="0.0"/>
  <testcase name="remainAmount0Test" classname="ru.netology.service.CashbackHackServiceTest" time="0.001"/>
  <testcase name="remainAmount1Test" classname="ru.netology.service.CashbackHackServiceTest" time="0.0"/>
  <testcase name="remain1000Test" classname="ru.netology.service.CashbackHackServiceTest" time="0.0"/>
  <system-out><![CDATA[]]></system-out>
  <system-err><![CDATA[]]></system-err>
</testsuite>
